SF:lib\app\controllers\win_controller.dart
DA:8,0
DA:9,0
DA:10,0
DA:11,0
DA:13,0
DA:18,1
DA:19,1
DA:21,1
DA:23,1
DA:25,1
DA:27,2
DA:29,2
DA:31,1
DA:39,0
DA:40,0
LF:15
LH:8
end_of_record
SF:lib\app\bindings\home_binding.dart
DA:5,0
DA:7,0
LF:2
LH:0
end_of_record
SF:lib\app\controllers\home_controller.dart
DA:8,0
DA:11,0
DA:12,0
DA:16,0
DA:17,0
LF:5
LH:0
end_of_record
SF:lib\app\bindings\lose_binding.dart
DA:7,0
DA:9,0
LF:2
LH:0
end_of_record
SF:lib\app\controllers\lose_controller.dart
DA:8,0
DA:9,0
DA:10,0
DA:12,0
DA:17,0
DA:18,0
LF:6
LH:0
end_of_record
SF:lib\app\bindings\setname_binding.dart
DA:7,0
DA:9,0
LF:2
LH:0
end_of_record
SF:lib\app\controllers\setname_controller.dart
DA:12,1
DA:13,1
DA:14,2
DA:16,1
DA:17,1
DA:19,0
DA:22,0
LF:7
LH:5
end_of_record
SF:lib\app\bindings\test_binding.dart
DA:7,0
DA:9,0
LF:2
LH:0
end_of_record
SF:lib\app\controllers\test_controller.dart
DA:114,0
DA:115,0
DA:116,0
DA:117,0
DA:118,0
DA:119,0
DA:120,0
DA:121,0
DA:122,0
DA:125,0
DA:130,0
DA:136,0
DA:145,0
DA:146,0
DA:147,0
DA:148,0
DA:149,0
DA:150,0
DA:151,0
DA:152,0
DA:153,0
DA:156,0
DA:157,0
DA:158,0
DA:160,0
DA:165,0
DA:166,0
DA:167,0
DA:168,0
DA:169,0
DA:170,0
DA:174,0
DA:175,0
DA:176,0
DA:177,0
DA:178,0
DA:179,0
DA:180,0
DA:182,0
LF:39
LH:0
end_of_record
SF:lib\app\bindings\win_binding.dart
DA:7,0
DA:9,0
LF:2
LH:0
end_of_record
SF:lib\app\data\models\leaderborad.dart
DA:3,1
DA:11,1
LF:2
LH:2
end_of_record
SF:lib\app\data\repository\rating_repository.dart
DA:8,0
DA:9,0
DA:12,0
DA:13,0
DA:16,1
DA:17,1
DA:18,1
DA:19,5
DA:20,4
DA:22,1
LF:10
LH:6
end_of_record
SF:lib\app\routes\app_pages.dart
DA:16,0
LF:1
LH:0
end_of_record
SF:lib\app\data\models\test_model.dart
DA:7,0
LF:1
LH:0
end_of_record
SF:lib\app\data\models\user_rating_api\dreamlo.dart
DA:9,1
DA:11,0
DA:12,0
DA:14,2
DA:15,1
DA:17,2
DA:20,0
DA:21,0
LF:8
LH:4
end_of_record
SF:lib\app\data\models\user_rating_api\leaderboard.dart
DA:9,1
DA:11,0
DA:12,0
DA:14,2
DA:15,1
DA:16,3
DA:17,1
DA:20,0
DA:21,0
LF:9
LH:5
end_of_record
SF:lib\app\data\models\user_rating_api\entry.dart
DA:11,1
DA:13,0
DA:15,0
DA:18,2
DA:19,1
DA:20,1
DA:21,1
DA:22,1
DA:23,1
DA:26,0
DA:27,0
DA:28,0
DA:29,0
DA:30,0
DA:31,0
LF:15
LH:7
end_of_record
SF:lib\app\data\models\user_rating_api\user_rating.dart
DA:9,1
DA:11,0
DA:12,0
DA:14,2
DA:15,1
DA:17,2
DA:20,0
DA:21,0
LF:8
LH:4
end_of_record
SF:lib\app\data\provider\rating_api.dart
DA:5,0
DA:6,0
DA:8,0
DA:9,0
DA:10,0
DA:11,0
LF:6
LH:0
end_of_record
SF:lib\app\ui\pages\home_page\home_page.dart
DA:7,3
DA:9,0
DA:11,0
DA:12,0
DA:13,0
DA:14,0
DA:16,0
DA:17,0
DA:18,0
DA:19,0
DA:20,0
DA:21,0
DA:22,0
DA:24,0
DA:25,0
DA:28,0
DA:31,0
DA:32,0
DA:37,0
DA:39,0
DA:40,0
DA:41,0
DA:44,0
DA:45,0
DA:46,0
DA:48,0
DA:50,0
DA:51,0
DA:56,0
DA:58,0
DA:69,0
DA:70,0
DA:71,0
DA:73,0
DA:74,0
DA:77,0
DA:78,0
DA:79,0
DA:81,0
DA:84,0
DA:85,0
DA:88,0
DA:97,0
DA:113,0
DA:115,0
DA:116,0
DA:117,0
DA:118,0
DA:119,0
DA:121,0
DA:122,0
DA:124,0
DA:126,0
LF:53
LH:1
end_of_record
SF:lib\app\ui\pages\lose_page\lose_page.dart
DA:6,3
DA:8,0
DA:10,0
DA:11,0
DA:12,0
DA:13,0
DA:14,0
DA:15,0
DA:16,0
DA:17,0
DA:18,0
DA:20,0
DA:21,0
DA:24,0
DA:27,0
DA:29,0
DA:30,0
DA:31,0
DA:33,0
DA:36,0
DA:38,0
DA:39,0
DA:40,0
DA:41,0
DA:42,0
DA:44,0
DA:45,0
DA:47,0
DA:49,0
LF:29
LH:1
end_of_record
SF:lib\app\ui\pages\setname_page\setname_page.dart
DA:6,4
DA:8,1
DA:10,2
DA:11,1
DA:12,1
DA:13,2
DA:14,1
DA:15,2
DA:16,1
DA:19,1
DA:20,1
DA:21,1
DA:28,1
DA:30,1
DA:35,1
DA:36,1
DA:38,1
DA:40,1
DA:43,0
DA:44,0
DA:45,0
DA:46,0
DA:48,0
DA:49,0
DA:50,0
DA:54,0
DA:55,0
DA:72,1
DA:74,1
DA:75,1
DA:76,1
DA:77,1
DA:78,1
DA:80,3
DA:81,1
DA:83,1
DA:85,2
LF:37
LH:28
end_of_record
SF:lib\app\ui\pages\test_page\test_page.dart
DA:7,3
DA:10,0
DA:12,0
DA:13,0
DA:14,0
DA:15,0
DA:16,0
DA:17,0
DA:18,0
DA:19,0
DA:20,0
DA:22,0
DA:23,0
DA:25,0
DA:27,0
DA:32,0
DA:33,0
DA:34,0
DA:36,0
DA:37,0
DA:38,0
DA:43,0
DA:44,0
DA:45,0
DA:46,0
DA:47,0
DA:48,0
DA:49,0
DA:52,0
DA:53,0
DA:55,0
DA:56,0
DA:57,0
DA:63,0
DA:65,0
DA:66,0
DA:67,0
DA:69,0
DA:71,0
DA:73,0
DA:82,0
DA:84,0
DA:91,0
DA:92,0
DA:93,0
DA:95,0
DA:96,0
DA:97,0
DA:98,0
DA:99,0
DA:100,0
DA:101,0
DA:102,0
DA:104,0
DA:105,0
DA:106,0
DA:107,0
DA:109,0
DA:110,0
DA:111,0
DA:114,0
DA:116,0
DA:118,0
DA:119,0
LF:64
LH:1
end_of_record
SF:lib\app\ui\pages\video_page\video_page.dart
DA:7,6
DA:9,0
DA:10,0
DA:16,0
DA:18,0
DA:19,0
DA:20,0
DA:21,0
DA:23,0
DA:24,0
DA:29,0
DA:31,0
DA:33,0
DA:34,0
DA:35,0
DA:36,0
DA:37,0
DA:38,0
DA:41,0
DA:46,0
DA:48,0
DA:49,0
LF:22
LH:1
end_of_record
SF:lib\app\ui\pages\win_page\win_page.dart
DA:6,3
DA:8,0
DA:10,0
DA:11,0
DA:12,0
DA:13,0
DA:14,0
DA:15,0
DA:16,0
DA:17,0
DA:18,0
DA:20,0
DA:21,0
DA:24,0
DA:27,0
DA:29,0
DA:30,0
DA:31,0
DA:33,0
DA:36,0
DA:38,0
DA:39,0
DA:40,0
DA:42,0
DA:45,0
DA:47,0
DA:48,0
DA:49,0
DA:50,0
DA:51,0
DA:53,0
DA:54,0
DA:56,0
DA:58,0
LF:34
LH:1
end_of_record
